# JRE version: Java(TM) SE Runtime Environment (8.0_191-b12) (build 1.8.0_191-b12)
# Java VM: Java HotSpot(TM) 64-Bit Server VM (25.191-b12 mixed mode bsd-amd64 compressed oops)
Heap:
 PSYoungGen      total 76288K, used 3971K [0x000000076ab00000, 0x0000000770000000, 0x00000007c0000000)
  eden space 65536K, 2% used [0x000000076ab00000,0x000000076acb4f18,0x000000076eb00000)
  from space 10752K, 20% used [0x000000076f580000,0x000000076f7ac030,0x0000000770000000)
  to   space 10752K, 0% used [0x000000076eb00000,0x000000076eb00000,0x000000076f580000)
 ParOldGen       total 175104K, used 24K [0x00000006c0000000, 0x00000006cab00000, 0x000000076ab00000)
  object space 175104K, 0% used [0x00000006c0000000,0x00000006c0006000,0x00000006cab00000)
 Metaspace       used 11482K, capacity 11828K, committed 12032K, reserved 1060864K
  class space    used 1403K, capacity 1502K, committed 1536K, reserved 1048576K
GC Heap History (4 events):
Event: 19734.703 GC heap before
{Heap before GC invocations=1 (full 0):
 PSYoungGen      total 76288K, used 65536K [0x000000076ab00000, 0x0000000770000000, 0x00000007c0000000)
  eden space 65536K, 100% used [0x000000076ab00000,0x000000076eb00000,0x000000076eb00000)
  from space 10752K, 0% used [0x000000076f580000,0x000000076f580000,0x0000000770000000)
  to   space 10752K, 0% used [0x000000076eb00000,0x000000076eb00000,0x000000076f580000)
 ParOldGen       total 175104K, used 0K [0x00000006c0000000, 0x00000006cab00000, 0x000000076ab00000)
  object space 175104K, 0% used [0x00000006c0000000,0x00000006c0000000,0x00000006cab00000)
 Metaspace       used 11469K, capacity 11764K, committed 12032K, reserved 1060864K
  class space    used 1403K, capacity 1502K, committed 1536K, reserved 1048576K
Event: 19734.756 GC heap after
Heap after GC invocations=1 (full 0):
 PSYoungGen      total 76288K, used 3989K [0x000000076ab00000, 0x0000000770000000, 0x00000007c0000000)
  eden space 65536K, 0% used [0x000000076ab00000,0x000000076ab00000,0x000000076eb00000)
  from space 10752K, 37% used [0x000000076eb00000,0x000000076eee54f8,0x000000076f580000)
  to   space 10752K, 0% used [0x000000076f580000,0x000000076f580000,0x0000000770000000)
 ParOldGen       total 175104K, used 16K [0x00000006c0000000, 0x00000006cab00000, 0x000000076ab00000)
  object space 175104K, 0% used [0x00000006c0000000,0x00000006c0004000,0x00000006cab00000)
 Metaspace       used 11469K, capacity 11764K, committed 12032K, reserved 1060864K
  class space    used 1403K, capacity 1502K, committed 1536K, reserved 1048576K
}
Event: 20464.737 GC heap before
{Heap before GC invocations=2 (full 0):
 PSYoungGen      total 76288K, used 69525K [0x000000076ab00000, 0x0000000770000000, 0x00000007c0000000)
  eden space 65536K, 100% used [0x000000076ab00000,0x000000076eb00000,0x000000076eb00000)
  from space 10752K, 37% used [0x000000076eb00000,0x000000076eee54f8,0x000000076f580000)
  to   space 10752K, 0% used [0x000000076f580000,0x000000076f580000,0x0000000770000000)
 ParOldGen       total 175104K, used 16K [0x00000006c0000000, 0x00000006cab00000, 0x000000076ab00000)
  object space 175104K, 0% used [0x00000006c0000000,0x00000006c0004000,0x00000006cab00000)
 Metaspace       used 11481K, capacity 11828K, committed 12032K, reserved 1060864K
  class space    used 1403K, capacity 1502K, committed 1536K, reserved 1048576K
Event: 20464.749 GC heap after
Heap after GC invocations=2 (full 0):
 PSYoungGen      total 76288K, used 2224K [0x000000076ab00000, 0x0000000770000000, 0x00000007c0000000)
  eden space 65536K, 0% used [0x000000076ab00000,0x000000076ab00000,0x000000076eb00000)
  from space 10752K, 20% used [0x000000076f580000,0x000000076f7ac030,0x0000000770000000)
  to   space 10752K, 0% used [0x000000076eb00000,0x000000076eb00000,0x000000076f580000)
 ParOldGen       total 175104K, used 24K [0x00000006c0000000, 0x00000006cab00000, 0x000000076ab00000)
  object space 175104K, 0% used [0x00000006c0000000,0x00000006c0006000,0x00000006cab00000)
 Metaspace       used 11481K, capacity 11828K, committed 12032K, reserved 1060864K
  class space    used 1403K, capacity 1502K, committed 1536K, reserved 1048576K
}

